<?xml version="1.0" encoding="UTF-8"?>
<Site BuildName="(empty)"
	BuildStamp="20231208-2053-Experimental"
	Name="(empty)"
	Generator="ctest-3.28.0-rc1"
	CompilerName=""
	CompilerVersion=""
	OSName="Windows"
	Hostname="DESKTOP-BATJFS1"
	OSRelease=" Personal"
	OSVersion=" (Build 19045)"
	OSPlatform="AMD64"
	Is64Bits="1"
	VendorString="GenuineIntel"
	VendorID="Intel Corporation"
	FamilyID="6"
	ModelID="12"
	ProcessorCacheSize="-1"
	NumberOfLogicalCPU="8"
	NumberOfPhysicalCPU="4"
	TotalVirtualMemory="13550"
	TotalPhysicalMemory="7918"
	LogicalProcessorsPerPhysical="2"
	ProcessorClockFrequency="1382"
	>
	<Testing>
		<StartDateTime>Dec 08 15:53 Eastern Standard Time</StartDateTime>
		<StartTestTime>1702068812</StartTestTime>
		<TestList/>
		<EndDateTime>Dec 08 15:53 Eastern Standard Time</EndDateTime>
		<EndTestTime>1702068812</EndTestTime>
		<ElapsedMinutes>0</ElapsedMinutes>
	</Testing>
</Site>
