<?xml version="1.0" encoding="UTF-8"?>
<Site BuildName="(empty)"
	BuildStamp="20231206-1854-Experimental"
	Name="(empty)"
	Generator="ctest-3.28.0-rc1"
	CompilerName=""
	CompilerVersion=""
	OSName="Windows"
	Hostname="DESKTOP-BATJFS1"
	OSRelease=" Personal"
	OSVersion=" (Build 19045)"
	OSPlatform="AMD64"
	Is64Bits="1"
	VendorString="GenuineIntel"
	VendorID="Intel Corporation"
	FamilyID="6"
	ModelID="12"
	ProcessorCacheSize="-1"
	NumberOfLogicalCPU="8"
	NumberOfPhysicalCPU="4"
	TotalVirtualMemory="13550"
	TotalPhysicalMemory="7918"
	LogicalProcessorsPerPhysical="2"
	ProcessorClockFrequency="1382"
	>
	<Testing>
		<StartDateTime>Dec 06 13:55 Eastern Standard Time</StartDateTime>
		<StartTestTime>1701888908</StartTestTime>
		<TestList>
			<Test>./testformat_sensor_data</Test>
		</TestList>
		<Test Status="passed">
			<Name>testformat_sensor_data</Name>
			<Path>.</Path>
			<FullName>./testformat_sensor_data</FullName>
			<FullCommandLine>"C:\Users\Ak74u\Documents\Garden Sensor Array\SCU_Main_Test\build\CommonCxxTests.exe" "testformat_sensor_data"</FullCommandLine>
			<Results>
				<NamedMeasurement type="numeric/double" name="Execution Time">
					<Value>0.0273459</Value>
				</NamedMeasurement>
				<NamedMeasurement type="numeric/double" name="Processors">
					<Value>1</Value>
				</NamedMeasurement>
				<NamedMeasurement type="text/string" name="Completion Status">
					<Value>Completed</Value>
				</NamedMeasurement>
				<NamedMeasurement type="text/string" name="Command Line">
					<Value>"C:\Users\Ak74u\Documents\Garden Sensor Array\SCU_Main_Test\build\CommonCxxTests.exe" "testformat_sensor_data"</Value>
				</NamedMeasurement>
				<NamedMeasurement type="text/string" name="Environment">
					<Value>#CTEST_RESOURCE_GROUP_COUNT=</Value>
				</NamedMeasurement>
				<Measurement>
					<Value>I'm in sensor data
</Value>
				</Measurement>
			</Results>
		</Test>
		<EndDateTime>Dec 06 13:55 Eastern Standard Time</EndDateTime>
		<EndTestTime>1701888908</EndTestTime>
		<ElapsedMinutes>0</ElapsedMinutes>
	</Testing>
</Site>
