<?xml version="1.0" encoding="UTF-8"?>
<Site BuildName="(empty)"
	BuildStamp="20231018-2352-Experimental"
	Name="(empty)"
	Generator="ctest-3.28.0-rc1"
	CompilerName=""
	CompilerVersion=""
	OSName="Windows"
	Hostname="DESKTOP-BATJFS1"
	OSRelease=" Personal"
	OSVersion=" (Build 19045)"
	OSPlatform="AMD64"
	Is64Bits="1"
	VendorString="GenuineIntel"
	VendorID="Intel Corporation"
	FamilyID="6"
	ModelID="12"
	ProcessorCacheSize="-1"
	NumberOfLogicalCPU="8"
	NumberOfPhysicalCPU="4"
	TotalVirtualMemory="15086"
	TotalPhysicalMemory="7918"
	LogicalProcessorsPerPhysical="2"
	ProcessorClockFrequency="1382"
	>
	<Testing>
		<StartDateTime>Oct 18 19:53 Eastern Daylight Time</StartDateTime>
		<StartTestTime>1697673203</StartTestTime>
		<TestList/>
		<EndDateTime>Oct 18 19:53 Eastern Daylight Time</EndDateTime>
		<EndTestTime>1697673203</EndTestTime>
		<ElapsedMinutes>0</ElapsedMinutes>
	</Testing>
</Site>
