Start testing: Dec 06 13:55 Eastern Standard Time
----------------------------------------------------------
5/5 Testing: testformat_sensor_data
5/5 Test: testformat_sensor_data
Command: "C:/Users/Ak74u/Documents/Garden Sensor Array/SCU_Main_Test/build/CommonCxxTests.exe" "testformat_sensor_data"
Directory: C:/Users/Ak74u/Documents/Garden Sensor Array/SCU_Main_Test/build
"testformat_sensor_data" start time: Dec 06 13:55 Eastern Standard Time
Output:
----------------------------------------------------------
I'm in sensor data
<end of output>
Test time =   0.03 sec
----------------------------------------------------------
Test Passed.
"testformat_sensor_data" end time: Dec 06 13:55 Eastern Standard Time
"testformat_sensor_data" time elapsed: 00:00:00
----------------------------------------------------------

End testing: Dec 06 13:55 Eastern Standard Time
